2021-09-16 02:48:13,164 - [line:122] - INFO: add warPair: K000001 K000009
2021-09-16 02:48:13,165 - [line:153] - INFO: K000009  before  life:20.061099999999975
2021-09-16 02:48:13,165 - [line:155] - INFO: K000009  after   life:                                19.000916699999976
2021-09-16 02:48:13,168 - [line:153] - INFO: K000009  before  life:19.032116699999968
2021-09-16 02:48:13,168 - [line:155] - INFO: K000009  after   life:                                17.855118014689968
2021-09-16 02:48:13,182 - [line:153] - INFO: K000009  before  life:17.88631801468996
2021-09-16 02:48:13,182 - [line:155] - INFO: K000009  after   life:                                16.719975257153344
2021-09-16 02:48:13,186 - [line:153] - INFO: K000009  before  life:16.751175257153335
2021-09-16 02:48:13,186 - [line:155] - INFO: K000009  after   life:                                15.59538932726181
2021-09-16 02:48:13,189 - [line:153] - INFO: K000001  before  life:15.701847589065167
2021-09-16 02:48:13,189 - [line:155] - INFO: K000001  after   life:                                14.536978189379983
2021-09-16 02:48:13,192 - [line:153] - INFO: K000009  before  life:14.59666865651828
2021-09-16 02:48:13,192 - [line:155] - INFO: K000009  after   life:                                13.460919638012662
2021-09-16 02:48:13,195 - [line:153] - INFO: K000001  before  life:13.333566879049194
2021-09-16 02:48:13,195 - [line:155] - INFO: K000001  after   life:                                12.070895611531924
2021-09-16 02:48:13,199 - [line:153] - INFO: K000001  before  life:12.117395611531922
2021-09-16 02:48:13,199 - [line:155] - INFO: K000001  after   life:                                10.878682917984742
2021-09-16 02:48:13,202 - [line:153] - INFO: K000001  before  life:10.92518291798474
2021-09-16 02:48:13,202 - [line:155] - INFO: K000001  after   life:                                9.70995681450044
2021-09-16 02:48:13,205 - [line:153] - INFO: K000009  before  life:10.680308144508826
2021-09-16 02:48:13,206 - [line:155] - INFO: K000009  after   life:                                9.578845217135994
2021-09-16 02:48:13,208 - [line:153] - INFO: K000009  before  life:9.756145217135996
2021-09-16 02:48:13,209 - [line:155] - INFO: K000009  after   life:                                8.663461837573205
2021-09-16 02:48:13,212 - [line:153] - INFO: K000001  before  life:7.5084158993342545
2021-09-16 02:48:13,213 - [line:155] - INFO: K000001  after   life:                                6.360500106117369
2021-09-16 02:48:13,216 - [line:153] - INFO: K000009  before  life:7.934074600116265
2021-09-16 02:48:13,216 - [line:155] - INFO: K000009  after   life:                                6.858700891415161
2021-09-16 02:48:13,220 - [line:153] - INFO: K000009  before  life:7.0360008914151635
2021-09-16 02:48:13,220 - [line:155] - INFO: K000009  after   life:                                5.9691588829467195
2021-09-16 02:48:13,223 - [line:153] - INFO: K000001  before  life:4.299718269552528
2021-09-16 02:48:13,223 - [line:155] - INFO: K000001  after   life:                                3.2150138196423432
2021-09-16 02:48:13,226 - [line:153] - INFO: K000009  before  life:5.324280373558731
2021-09-16 02:48:13,226 - [line:155] - INFO: K000009  after   life:                                4.273699710009923
2021-09-16 02:48:13,230 - [line:153] - INFO: K000009  before  life:4.490399710009926
2021-09-16 02:48:13,230 - [line:155] - INFO: K000009  after   life:                                3.447740912764832
2021-09-16 02:48:13,236 - [line:153] - INFO: K000009  before  life:3.6644409127648303
2021-09-16 02:48:13,236 - [line:155] - INFO: K000009  after   life:                                2.6296287240935645
2021-09-16 02:48:13,241 - [line:153] - INFO: K000001  before  life:0.34567940058412133
2021-09-16 02:48:13,241 - [line:155] - INFO: K000001  after   life:                                -0.6611304836073859
2021-09-16 02:48:13,241 - [line:60] - INFO: K000009 absorb method
2021-09-16 02:48:13,241 - [line:165] - INFO: K000001K000009 War end in round 33 ,K000009 absorb K000001
2021-09-16 02:48:13,241 - [line:180] - INFO: delete id :K000001K000009
2021-09-16 02:48:13,271 - [line:122] - INFO: add warPair: K000006 K000003
2021-09-16 02:48:13,271 - [line:153] - INFO: K000003  before  life:31.879299999999915
2021-09-16 02:48:13,271 - [line:155] - INFO: K000003  after   life:                                29.919733069999918
2021-09-16 02:48:13,275 - [line:153] - INFO: K000003  before  life:30.967633069999938
2021-09-16 02:48:13,275 - [line:155] - INFO: K000003  after   life:                                29.035507314592937
2021-09-16 02:48:13,279 - [line:153] - INFO: K000006  before  life:20.54670121571714
2021-09-16 02:48:13,279 - [line:155] - INFO: K000006  after   life:                                18.521420825052854
2021-09-16 02:48:13,283 - [line:153] - INFO: K000006  before  life:18.852520825052864
2021-09-16 02:48:13,284 - [line:155] - INFO: K000006  after   life:                                16.911780035882725
2021-09-16 02:48:13,288 - [line:153] - INFO: K000003  before  life:28.589139512014597
2021-09-16 02:48:13,288 - [line:155] - INFO: K000003  after   life:                                26.72860641270296
2021-09-16 02:48:13,292 - [line:153] - INFO: K000003  before  life:27.87630641270298
2021-09-16 02:48:13,292 - [line:155] - INFO: K000003  after   life:                                26.03722958968062
2021-09-16 02:48:13,297 - [line:153] - INFO: K000006  before  life:14.260553662019767
2021-09-16 02:48:13,297 - [line:155] - INFO: K000006  after   life:                                12.54895203428498
2021-09-16 02:48:13,302 - [line:153] - INFO: K000006  before  life:12.88005203428497
2021-09-16 02:48:13,302 - [line:155] - INFO: K000006  after   life:                                11.175513188009583
2021-09-16 02:48:13,306 - [line:153] - INFO: K000003  before  life:25.990927653706127
2021-09-16 02:48:13,306 - [line:155] - INFO: K000003  after   life:                                24.10983520624549
2021-09-16 02:48:13,310 - [line:153] - INFO: K000003  before  life:25.4773352062455
2021-09-16 02:48:13,310 - [line:155] - INFO: K000003  after   life:                                23.613653542753777
2021-09-16 02:48:13,315 - [line:153] - INFO: K000006  before  life:9.195911488708017
2021-09-16 02:48:13,315 - [line:155] - INFO: K000006  after   life:                                7.692895130275689
2021-09-16 02:48:13,319 - [line:153] - INFO: K000003  before  life:24.664038107654445
2021-09-16 02:48:13,319 - [line:155] - INFO: K000003  after   life:                                22.82792721580496
2021-09-16 02:48:13,324 - [line:153] - INFO: K000003  before  life:24.26642721580497
2021-09-16 02:48:13,324 - [line:155] - INFO: K000003  after   life:                                22.443795333189183
2021-09-16 02:48:13,328 - [line:153] - INFO: K000003  before  life:23.969995333189228
2021-09-16 02:48:13,329 - [line:155] - INFO: K000003  after   life:                                22.157412491394112
2021-09-16 02:48:13,333 - [line:153] - INFO: K000006  before  life:5.253405930404998
2021-09-16 02:48:13,333 - [line:155] - INFO: K000006  after   life:                                3.9350495310224556
2021-09-16 02:48:13,337 - [line:153] - INFO: K000003  before  life:23.457110907935895
2021-09-16 02:48:13,337 - [line:155] - INFO: K000003  after   life:                                21.66191484815687
2021-09-16 02:48:13,341 - [line:153] - INFO: K000003  before  life:23.298114848156892
2021-09-16 02:48:13,342 - [line:155] - INFO: K000003  after   life:                                21.50830875480437
2021-09-16 02:48:13,346 - [line:153] - INFO: K000003  before  life:23.144508754804395
2021-09-16 02:48:13,346 - [line:155] - INFO: K000003  after   life:                                21.359909908016526
2021-09-16 02:48:13,351 - [line:153] - INFO: K000006  before  life:2.2726092844683765
2021-09-16 02:48:13,351 - [line:155] - INFO: K000006  after   life:                                1.134889161829593
2021-09-16 02:48:13,355 - [line:153] - INFO: K000006  before  life:1.6772891618295938
2021-09-16 02:48:13,355 - [line:155] - INFO: K000006  after   life:                                0.5756454386227203
2021-09-16 02:48:13,360 - [line:153] - INFO: K000003  before  life:22.686378334690833
2021-09-16 02:48:13,360 - [line:155] - INFO: K000003  after   life:                                20.87874326597584
2021-09-16 02:48:13,363 - [line:122] - INFO: add warPair: K000010 K000008
2021-09-16 02:48:13,365 - [line:153] - INFO: K000006  before  life:0.6454435650421834
2021-09-16 02:48:13,365 - [line:155] - INFO: K000006  after   life:                                -0.3936703149993729
2021-09-16 02:48:13,365 - [line:60] - INFO: K000003 absorb method
2021-09-16 02:48:13,366 - [line:165] - INFO: K000006K000003 War end in round 60 ,K000003 absorb K000006
2021-09-16 02:48:13,366 - [line:153] - INFO: K000008  before  life:32.94169999999981
2021-09-16 02:48:13,366 - [line:155] - INFO: K000008  after   life:                                31.36851441999982
2021-09-16 02:48:13,366 - [line:180] - INFO: delete id :K000006K000003
2021-09-16 02:48:13,371 - [line:153] - INFO: K000010  before  life:24.572595029999903
2021-09-16 02:48:13,371 - [line:155] - INFO: K000010  after   life:                                23.049198755860907
2021-09-16 02:48:13,376 - [line:153] - INFO: K000008  before  life:30.83620738909183
2021-09-16 02:48:13,376 - [line:155] - INFO: K000008  after   life:                                29.299657380521634
2021-09-16 02:48:13,381 - [line:153] - INFO: K000010  before  life:22.248950793185003
2021-09-16 02:48:13,381 - [line:155] - INFO: K000010  after   life:                                20.58148226938945
2021-09-16 02:48:13,386 - [line:153] - INFO: K000010  before  life:21.033882269389412
2021-09-16 02:48:13,386 - [line:155] - INFO: K000010  after   life:                                19.40286580130773
2021-09-16 02:48:13,391 - [line:153] - INFO: K000010  before  life:19.87266580130769
2021-09-16 02:48:13,391 - [line:155] - INFO: K000010  after   life:                                18.27648582726846
2021-09-16 02:48:13,397 - [line:153] - INFO: K000008  before  life:27.830652775747826
2021-09-16 02:48:13,397 - [line:155] - INFO: K000008  after   life:                                26.346399417449813
2021-09-16 02:48:13,402 - [line:153] - INFO: K000008  before  life:27.156399417449844
2021-09-16 02:48:13,402 - [line:155] - INFO: K000008  after   life:                                25.683878067586217
2021-09-16 02:48:13,407 - [line:153] - INFO: K000010  before  life:16.62816433487677
2021-09-16 02:48:13,407 - [line:155] - INFO: K000010  after   life:                                15.129319404830468
2021-09-16 02:48:13,412 - [line:153] - INFO: K000010  before  life:15.890919404830484
2021-09-16 02:48:13,412 - [line:155] - INFO: K000010  after   life:                                14.333148133720934
2021-09-16 02:48:13,417 - [line:153] - INFO: K000008  before  life:24.835080331459107
2021-09-16 02:48:13,417 - [line:155] - INFO: K000008  after   life:                                23.052775301018144
2021-09-16 02:48:13,422 - [line:153] - INFO: K000008  before  life:24.24347530101815
2021-09-16 02:48:13,422 - [line:155] - INFO: K000008  after   life:                                22.47980582903608
2021-09-16 02:48:13,428 - [line:153] - INFO: K000010  before  life:13.603482817807237
2021-09-16 02:48:13,428 - [line:155] - INFO: K000010  after   life:                                11.984524349597008
2021-09-16 02:48:13,433 - [line:153] - INFO: K000008  before  life:23.209267345421473
2021-09-16 02:48:13,433 - [line:155] - INFO: K000008  after   life:                                21.478175424040696
2021-09-16 02:48:13,438 - [line:153] - INFO: K000010  before  life:12.138792220108979
2021-09-16 02:48:13,438 - [line:155] - INFO: K000010  after   life:                                10.462661493448909
2021-09-16 02:48:13,443 - [line:153] - INFO: K000010  before  life:11.439161493448891
2021-09-16 02:48:13,443 - [line:155] - INFO: K000010  after   life:                                9.802000198263787
2021-09-16 02:48:13,448 - [line:153] - INFO: K000008  before  life:22.37381847761574
2021-09-16 02:48:13,449 - [line:155] - INFO: K000008  after   life:                                20.669043195570843
2021-09-16 02:48:13,453 - [line:153] - INFO: K000008  before  life:22.172943195570888
2021-09-16 02:48:13,453 - [line:155] - INFO: K000008  after   life:                                20.474495484910406
2021-09-16 02:48:13,459 - [line:153] - INFO: K000008  before  life:21.97839548491045
2021-09-16 02:48:13,459 - [line:155] - INFO: K000008  after   life:                                20.28607602713577
2021-09-16 02:48:13,464 - [line:153] - INFO: K000010  before  life:9.186328325593582
2021-09-16 02:48:13,464 - [line:155] - INFO: K000010  after   life:                                7.67464983785802
2021-09-16 02:48:13,468 - [line:153] - INFO: K000008  before  life:21.708237232281085
2021-09-16 02:48:13,468 - [line:155] - INFO: K000008  after   life:                                20.02442775946423
2021-09-16 02:48:13,473 - [line:153] - INFO: K000010  before  life:8.29977169188932
2021-09-16 02:48:13,473 - [line:155] - INFO: K000010  after   life:                                6.837474408651086
2021-09-16 02:48:13,478 - [line:153] - INFO: K000008  before  life:21.409785435041197
2021-09-16 02:48:13,478 - [line:155] - INFO: K000008  after   life:                                19.7353771938374
2021-09-16 02:48:13,484 - [line:153] - INFO: K000008  before  life:21.293277193837444
2021-09-16 02:48:13,484 - [line:155] - INFO: K000008  after   life:                                19.622538962231566
2021-09-16 02:48:13,489 - [line:153] - INFO: K000008  before  life:21.26683896223157
2021-09-16 02:48:13,489 - [line:155] - INFO: K000008  after   life:                                19.596933534921277
2021-09-16 02:48:13,494 - [line:153] - INFO: K000008  before  life:21.207233534921283
2021-09-16 02:48:13,495 - [line:155] - INFO: K000008  after   life:                                19.363185640231414
2021-09-16 02:48:13,499 - [line:153] - INFO: K000008  before  life:21.09518564023141
2021-09-16 02:48:13,500 - [line:155] - INFO: K000008  after   life:                                19.2555972517502
2021-09-16 02:48:13,505 - [line:153] - INFO: K000008  before  life:21.010597251750195
2021-09-16 02:48:13,505 - [line:155] - INFO: K000008  after   life:                                19.174375481130536
2021-09-16 02:48:13,510 - [line:153] - INFO: K000008  before  life:20.904375481130533
2021-09-16 02:48:13,510 - [line:155] - INFO: K000008  after   life:                                19.072381336981536
2021-09-16 02:48:13,515 - [line:153] - INFO: K000010  before  life:6.690088818998602
2021-09-16 02:48:13,515 - [line:155] - INFO: K000010  after   life:                                5.220444583904899
2021-09-16 02:48:13,520 - [line:153] - INFO: K000008  before  life:20.61584551976966
2021-09-16 02:48:13,520 - [line:155] - INFO: K000008  after   life:                                18.795334868082826
2021-09-16 02:48:13,526 - [line:153] - INFO: K000010  before  life:6.6189868141147485
2021-09-16 02:48:13,526 - [line:155] - INFO: K000010  after   life:                                5.154333939763893
2021-09-16 02:48:13,531 - [line:153] - INFO: K000008  before  life:20.19325832033312
2021-09-16 02:48:13,531 - [line:155] - INFO: K000008  after   life:                                18.389566639183858
2021-09-16 02:48:13,536 - [line:153] - INFO: K000010  before  life:6.6122231771924405
2021-09-16 02:48:13,536 - [line:155] - INFO: K000010  after   life:                                5.1480451101535305
2021-09-16 02:48:13,541 - [line:153] - INFO: K000010  before  life:6.541045110153517
2021-09-16 02:48:13,541 - [line:155] - INFO: K000010  after   life:                                5.081863743420739
2021-09-16 02:48:13,546 - [line:153] - INFO: K000010  before  life:6.509863743420738
2021-09-16 02:48:13,546 - [line:155] - INFO: K000010  after   life:                                5.052871308632602
2021-09-16 02:48:13,551 - [line:153] - INFO: K000010  before  life:6.4435713086326
2021-09-16 02:48:13,551 - [line:155] - INFO: K000010  after   life:                                4.991232602766591
2021-09-16 02:48:13,556 - [line:153] - INFO: K000008  before  life:18.35046079944589
2021-09-16 02:48:13,556 - [line:155] - INFO: K000008  after   life:                                16.533865293870548
2021-09-16 02:48:13,561 - [line:153] - INFO: K000010  before  life:6.646511574052391
2021-09-16 02:48:13,561 - [line:155] - INFO: K000010  after   life:                                5.1799264615539125
2021-09-16 02:48:13,567 - [line:153] - INFO: K000010  before  life:6.78192646155392
2021-09-16 02:48:13,567 - [line:155] - INFO: K000010  after   life:                                5.305835223952834
2021-09-16 02:48:13,572 - [line:153] - INFO: K000010  before  life:6.9078352239528416
2021-09-16 02:48:13,572 - [line:155] - INFO: K000010  after   life:                                5.422905191231352
2021-09-16 02:48:13,577 - [line:153] - INFO: K000010  before  life:7.069405191231359
2021-09-16 02:48:13,577 - [line:155] - INFO: K000010  after   life:                                5.51021524060496
2021-09-16 02:48:13,583 - [line:153] - INFO: K000008  before  life:15.809400919132901
2021-09-16 02:48:13,583 - [line:155] - INFO: K000008  after   life:                                14.105882578231487
2021-09-16 02:48:13,589 - [line:153] - INFO: K000008  before  life:15.526982578231493
2021-09-16 02:48:13,589 - [line:155] - INFO: K000008  after   life:                                13.836031853500192
2021-09-16 02:48:13,594 - [line:153] - INFO: K000008  before  life:15.259831853500199
2021-09-16 02:48:13,594 - [line:155] - INFO: K000008  after   life:                                13.58076933601944
2021-09-16 02:48:13,599 - [line:153] - INFO: K000010  before  life:7.632548585961111
2021-09-16 02:48:13,600 - [line:155] - INFO: K000010  after   life:                                6.028813992811587
2021-09-16 02:48:13,605 - [line:153] - INFO: K000010  before  life:7.853313992811596
2021-09-16 02:48:13,605 - [line:155] - INFO: K000010  after   life:                                6.232116855980199
2021-09-16 02:48:13,610 - [line:153] - INFO: K000010  before  life:8.101116855980205
2021-09-16 02:48:13,610 - [line:155] - INFO: K000010  after   life:                                6.460318512672171
2021-09-16 02:48:13,616 - [line:153] - INFO: K000010  before  life:8.329318512672174
2021-09-16 02:48:13,616 - [line:155] - INFO: K000010  after   life:                                6.670469418319805
2021-09-16 02:48:13,622 - [line:153] - INFO: K000010  before  life:8.528269418319804
2021-09-16 02:48:13,622 - [line:155] - INFO: K000010  after   life:                                6.853683307330708
2021-09-16 02:48:13,628 - [line:153] - INFO: K000010  before  life:8.678183307330702
2021-09-16 02:48:13,628 - [line:155] - INFO: K000010  after   life:                                6.991739007720844
2021-09-16 02:48:13,633 - [line:153] - INFO: K000008  before  life:13.56996667884942
2021-09-16 02:48:13,633 - [line:155] - INFO: K000008  after   life:                                11.966103161640621
2021-09-16 02:48:13,639 - [line:153] - INFO: K000008  before  life:13.249603161640627
2021-09-16 02:48:13,639 - [line:155] - INFO: K000008  after   life:                                11.65999582094762
2021-09-16 02:48:13,644 - [line:153] - INFO: K000008  before  life:12.854895820947625
2021-09-16 02:48:13,644 - [line:155] - INFO: K000008  after   life:                                11.282852956915455
2021-09-16 02:48:13,650 - [line:153] - INFO: K000008  before  life:12.469352956915461
2021-09-16 02:48:13,650 - [line:155] - INFO: K000008  after   life:                                10.914466750332723
2021-09-16 02:48:13,655 - [line:153] - INFO: K000010  before  life:9.240657332511569
2021-09-16 02:48:13,655 - [line:155] - INFO: K000010  after   life:                                7.446884867648825
2021-09-16 02:48:13,660 - [line:153] - INFO: K000008  before  life:11.936873729942931
2021-09-16 02:48:13,660 - [line:155] - INFO: K000008  after   life:                                10.40568284896047
2021-09-16 02:48:13,666 - [line:153] - INFO: K000010  before  life:9.245495457517759
2021-09-16 02:48:13,666 - [line:155] - INFO: K000010  after   life:                                7.451307397716983
2021-09-16 02:48:13,672 - [line:153] - INFO: K000008  before  life:11.796335612181746
2021-09-16 02:48:13,672 - [line:155] - INFO: K000008  after   life:                                10.27139867743966
2021-09-16 02:48:13,679 - [line:153] - INFO: K000008  before  life:11.817598677439669
2021-09-16 02:48:13,679 - [line:155] - INFO: K000008  after   life:                                10.291715536293603
2021-09-16 02:48:13,685 - [line:153] - INFO: K000010  before  life:9.336160300128507
2021-09-16 02:48:13,685 - [line:155] - INFO: K000010  after   life:                                7.534184130347468
2021-09-16 02:48:13,691 - [line:153] - INFO: K000010  before  life:9.447684130347447
2021-09-16 02:48:13,691 - [line:155] - INFO: K000010  after   life:                                7.636128063550602
2021-09-16 02:48:13,696 - [line:153] - INFO: K000010  before  life:9.53192806355058
2021-09-16 02:48:13,696 - [line:155] - INFO: K000010  after   life:                                7.713135442891586
2021-09-16 02:48:13,702 - [line:153] - INFO: K000010  before  life:9.822435442891567
2021-09-16 02:48:13,702 - [line:155] - INFO: K000010  after   life:                                7.978688238347182
2021-09-16 02:48:13,707 - [line:153] - INFO: K000010  before  life:10.020488238347157
2021-09-16 02:48:13,707 - [line:155] - INFO: K000010  after   life:                                8.159728298673137
2021-09-16 02:48:13,713 - [line:153] - INFO: K000010  before  life:10.172028298673114
2021-09-16 02:48:13,713 - [line:155] - INFO: K000010  after   life:                                8.298251067817093
2021-09-16 02:48:13,718 - [line:122] - INFO: add warPair: K000009 K000005
2021-09-16 02:48:13,719 - [line:153] - INFO: K000010  before  life:10.296351067817069
2021-09-16 02:48:13,719 - [line:155] - INFO: K000010  after   life:                                8.411894511091583
2021-09-16 02:48:13,719 - [line:153] - INFO: K000009  before  life:296.4556713075978
2021-09-16 02:48:13,719 - [line:155] - INFO: K000009  after   life:                                278.40947020741095
2021-09-16 02:48:13,725 - [line:153] - INFO: K000010  before  life:10.43339451109156
2021-09-16 02:48:13,725 - [line:155] - INFO: K000010  after   life:                                8.537165922588795
2021-09-16 02:48:13,725 - [line:153] - INFO: K000009  before  life:281.1446702074116
2021-09-16 02:48:13,725 - [line:155] - INFO: K000009  after   life:                                263.9788516704854
2021-09-16 02:48:13,731 - [line:153] - INFO: K000008  before  life:13.186966360677918
2021-09-16 02:48:13,731 - [line:155] - INFO: K000008  after   life:                                11.530255435916159
2021-09-16 02:48:13,731 - [line:153] - INFO: K000009  before  life:266.91945167048476
2021-09-16 02:48:13,731 - [line:155] - INFO: K000009  after   life:                                250.5715831994319
2021-09-16 02:48:13,737 - [line:153] - INFO: K000008  before  life:13.42005543591617
2021-09-16 02:48:13,737 - [line:155] - INFO: K000008  after   life:                                11.751736675207546
2021-09-16 02:48:13,737 - [line:153] - INFO: K000009  before  life:253.36388319943197
2021-09-16 02:48:13,737 - [line:155] - INFO: K000009  after   life:                                237.79545991546462
2021-09-16 02:48:13,742 - [line:153] - INFO: K000010  before  life:10.520296077850235
2021-09-16 02:48:13,742 - [line:155] - INFO: K000010  after   life:                                8.6166026447629
2021-09-16 02:48:13,742 - [line:153] - INFO: K000009  before  life:240.45055991546468
2021-09-16 02:48:13,742 - [line:155] - INFO: K000009  after   life:                                225.62465272032546
2021-09-16 02:48:13,748 - [line:153] - INFO: K000010  before  life:10.556202644762877
2021-09-16 02:48:13,748 - [line:155] - INFO: K000010  after   life:                                8.649424837577746
2021-09-16 02:48:13,748 - [line:153] - INFO: K000005  before  life:59.872965626670606
2021-09-16 02:48:13,748 - [line:155] - INFO: K000005  after   life:                                52.101333214294165
2021-09-16 02:48:13,755 - [line:153] - INFO: K000008  before  life:13.82533441452089
2021-09-16 02:48:13,755 - [line:155] - INFO: K000008  after   life:                                12.13683276067775
2021-09-16 02:48:13,755 - [line:153] - INFO: K000005  before  life:54.12483321429408
2021-09-16 02:48:13,755 - [line:155] - INFO: K000005  after   life:                                46.57572839536449
2021-09-16 02:48:13,761 - [line:153] - INFO: K000010  before  life:10.624004264029773
2021-09-16 02:48:13,761 - [line:155] - INFO: K000010  after   life:                                8.711402297749617
2021-09-16 02:48:13,761 - [line:153] - INFO: K000009  before  life:206.35827770741986
2021-09-16 02:48:13,761 - [line:155] - INFO: K000009  after   life:                                193.49267673924322
2021-09-16 02:48:13,766 - [line:153] - INFO: K000008  before  life:13.96876208919602
2021-09-16 02:48:13,766 - [line:155] - INFO: K000008  after   life:                                12.273117737154058
2021-09-16 02:48:13,767 - [line:153] - INFO: K000009  before  life:196.67767673924308
2021-09-16 02:48:13,767 - [line:155] - INFO: K000009  after   life:                                184.36871032673662
2021-09-16 02:48:13,772 - [line:153] - INFO: K000010  before  life:10.681191880372879
2021-09-16 02:48:13,772 - [line:155] - INFO: K000010  after   life:                                8.763677497848848
2021-09-16 02:48:13,772 - [line:153] - INFO: K000009  before  life:187.50491032673648
2021-09-16 02:48:13,772 - [line:155] - INFO: K000009  after   life:                                175.72337798294913
2021-09-16 02:48:13,778 - [line:153] - INFO: K000010  before  life:10.656077497848825
2021-09-16 02:48:13,778 - [line:155] - INFO: K000010  after   life:                                8.740720440783612
2021-09-16 02:48:13,778 - [line:153] - INFO: K000005  before  life:34.69886807232315
2021-09-16 02:48:13,778 - [line:155] - INFO: K000005  after   life:                                29.278232279909183
2021-09-16 02:48:13,783 - [line:153] - INFO: K000008  before  life:14.378303693038397
2021-09-16 02:48:13,783 - [line:155] - INFO: K000008  after   life:                                12.662264169125086
2021-09-16 02:48:13,783 - [line:153] - INFO: K000005  before  life:31.103032279909215
2021-09-16 02:48:13,783 - [line:155] - INFO: K000005  after   life:                                26.14050596744878
2021-09-16 02:48:13,790 - [line:153] - INFO: K000008  before  life:14.210164169125095
2021-09-16 02:48:13,790 - [line:155] - INFO: K000008  after   life:                                12.502497993502667
2021-09-16 02:48:13,790 - [line:153] - INFO: K000005  before  life:27.952005967448812
2021-09-16 02:48:13,790 - [line:155] - INFO: K000005  after   life:                                23.144942754682283
2021-09-16 02:48:13,795 - [line:153] - INFO: K000010  before  life:10.393781844496587
2021-09-16 02:48:13,795 - [line:155] - INFO: K000010  after   life:                                8.50095598405433
2021-09-16 02:48:13,795 - [line:153] - INFO: K000005  before  life:24.984942754682315
2021-09-16 02:48:13,796 - [line:155] - INFO: K000005  after   life:                                20.581993551494584
2021-09-16 02:48:13,801 - [line:153] - INFO: K000010  before  life:10.24395598405431
2021-09-16 02:48:13,801 - [line:155] - INFO: K000010  after   life:                                8.341463461859126
2021-09-16 02:48:13,801 - [line:153] - INFO: K000005  before  life:22.479493551494617
2021-09-16 02:48:13,801 - [line:155] - INFO: K000005  after   life:                                18.41778652978105
2021-09-16 02:48:13,807 - [line:153] - INFO: K000010  before  life:10.084463461859105
2021-09-16 02:48:13,807 - [line:155] - INFO: K000010  after   life:                                8.196022230869318
2021-09-16 02:48:13,807 - [line:153] - INFO: K000005  before  life:20.315286529781083
2021-09-16 02:48:13,807 - [line:155] - INFO: K000005  after   life:                                16.414263613328345
2021-09-16 02:48:13,812 - [line:153] - INFO: K000008  before  life:13.23437837357105
2021-09-16 02:48:13,812 - [line:155] - INFO: K000008  after   life:                                11.575306330567212
2021-09-16 02:48:13,812 - [line:153] - INFO: K000009  before  life:136.0460071275832
2021-09-16 02:48:13,812 - [line:155] - INFO: K000009  after   life:                                127.22336171774717
2021-09-16 02:48:13,817 - [line:153] - INFO: K000010  before  life:9.85710627232969
2021-09-16 02:48:13,817 - [line:155] - INFO: K000010  after   life:                                7.988695209737445
2021-09-16 02:48:13,818 - [line:153] - INFO: K000009  before  life:130.50776171774703
2021-09-16 02:48:13,818 - [line:155] - INFO: K000009  after   life:                                122.00356541897658
2021-09-16 02:48:13,823 - [line:153] - INFO: K000008  before  life:13.07378323530499
2021-09-16 02:48:13,823 - [line:155] - INFO: K000008  after   life:                                11.422708830186803
2021-09-16 02:48:13,823 - [line:153] - INFO: K000009  before  life:125.24746541897643
2021-09-16 02:48:13,823 - [line:155] - INFO: K000009  after   life:                                117.04573615738529
2021-09-16 02:48:13,829 - [line:153] - INFO: K000008  before  life:12.850208830186814
2021-09-16 02:48:13,829 - [line:155] - INFO: K000008  after   life:                                11.210268430443511
2021-09-16 02:48:13,829 - [line:153] - INFO: K000005  before  life:13.475839971547328
2021-09-16 02:48:13,829 - [line:155] - INFO: K000005  after   life:                                10.366871016000172
2021-09-16 02:48:13,834 - [line:153] - INFO: K000010  before  life:9.699470224816503
2021-09-16 02:48:13,834 - [line:155] - INFO: K000010  after   life:                                7.8449468980101695
2021-09-16 02:48:13,835 - [line:153] - INFO: K000009  before  life:115.69423482833541
2021-09-16 02:48:13,835 - [line:155] - INFO: K000009  after   life:                                108.04181632570612
2021-09-16 02:48:13,840 - [line:153] - INFO: K000008  before  life:12.156686362607445
2021-09-16 02:48:13,840 - [line:155] - INFO: K000008  after   life:                                10.551283381749595
2021-09-16 02:48:13,840 - [line:153] - INFO: K000009  before  life:111.171816325706
2021-09-16 02:48:13,840 - [line:155] - INFO: K000009  after   life:                                103.7794368869779
2021-09-16 02:48:13,845 - [line:153] - INFO: K000010  before  life:9.592768956295439
2021-09-16 02:48:13,845 - [line:155] - INFO: K000010  after   life:                                7.747646011245811
2021-09-16 02:48:13,845 - [line:153] - INFO: K000009  before  life:106.5690368869778
2021-09-16 02:48:13,845 - [line:155] - INFO: K000009  after   life:                                99.44131726597658
2021-09-16 02:48:13,851 - [line:153] - INFO: K000010  before  life:9.492546011245794
2021-09-16 02:48:13,851 - [line:155] - INFO: K000010  after   life:                                7.656252707655041
2021-09-16 02:48:13,851 - [line:153] - INFO: K000005  before  life:8.93115887052782
2021-09-16 02:48:13,851 - [line:155] - INFO: K000005  after   life:                                6.533432507290216
2021-09-16 02:48:13,857 - [line:153] - INFO: K000010  before  life:9.390052707655027
2021-09-16 02:48:13,857 - [line:155] - INFO: K000010  after   life:                                7.5627890641106195
2021-09-16 02:48:13,857 - [line:153] - INFO: K000005  before  life:8.370232507290213
2021-09-16 02:48:13,857 - [line:155] - INFO: K000005  after   life:                                6.060291119899295
2021-09-16 02:48:13,862 - [line:153] - INFO: K000010  before  life:9.255989064110606
2021-09-16 02:48:13,862 - [line:155] - INFO: K000010  after   life:                                7.440536427562462
2021-09-16 02:48:13,862 - [line:153] - INFO: K000009  before  life:90.07118381072601
2021-09-16 02:48:13,862 - [line:155] - INFO: K000009  after   life:                                83.16251415274239
2021-09-16 02:48:13,868 - [line:153] - INFO: K000010  before  life:9.256136427562458
2021-09-16 02:48:13,868 - [line:155] - INFO: K000010  after   life:                                7.440670808294206
2021-09-16 02:48:13,868 - [line:153] - INFO: K000009  before  life:84.80151415274237
2021-09-16 02:48:13,868 - [line:155] - INFO: K000009  after   life:                                78.23853482432247
2021-09-16 02:48:13,875 - [line:153] - INFO: K000008  before  life:10.14153528564169
2021-09-16 02:48:13,875 - [line:155] - INFO: K000008  after   life:                                8.575637616702883
2021-09-16 02:48:13,875 - [line:153] - INFO: K000005  before  life:6.882458695485289
2021-09-16 02:48:13,875 - [line:155] - INFO: K000005  after   life:                                4.73584107681744
2021-09-16 02:48:13,881 - [line:153] - INFO: K000008  before  life:9.780837616702874
2021-09-16 02:48:13,882 - [line:155] - INFO: K000008  after   life:                                8.235066877690853
2021-09-16 02:48:13,882 - [line:153] - INFO: K000009  before  life:75.18256373984694
2021-09-16 02:48:13,882 - [line:155] - INFO: K000009  after   life:                                69.25058755851298
2021-09-16 02:48:13,888 - [line:153] - INFO: K000008  before  life:9.388166877690844
2021-09-16 02:48:13,888 - [line:155] - INFO: K000008  after   life:                                7.864307165915696
2021-09-16 02:48:13,888 - [line:153] - INFO: K000009  before  life:71.249787558513
2021-09-16 02:48:13,889 - [line:155] - INFO: K000009  after   life:                                65.57580149467455
2021-09-16 02:48:13,895 - [line:153] - INFO: K000008  before  life:8.998407165915689
2021-09-16 02:48:13,895 - [line:155] - INFO: K000008  after   life:                                7.496296046057594
2021-09-16 02:48:13,896 - [line:153] - INFO: K000009  before  life:67.74160149467458
2021-09-16 02:48:13,896 - [line:155] - INFO: K000009  after   life:                                62.29775243662393
2021-09-16 02:48:13,903 - [line:153] - INFO: K000010  before  life:9.653162875982689
2021-09-16 02:48:13,903 - [line:155] - INFO: K000010  after   life:                                7.7119794955743775
2021-09-16 02:48:13,903 - [line:153] - INFO: K000005  before  life:5.9033045068396675
2021-09-16 02:48:13,903 - [line:155] - INFO: K000005  after   life:                                3.880261835804353
2021-09-16 02:48:13,909 - [line:153] - INFO: K000008  before  life:8.299463846687583
2021-09-16 02:48:13,910 - [line:155] - INFO: K000008  after   life:                                6.836353764042417
2021-09-16 02:48:13,910 - [line:153] - INFO: K000005  before  life:5.65146183580435
2021-09-16 02:48:13,910 - [line:155] - INFO: K000005  after   life:                                3.6720634996594557
2021-09-16 02:48:13,915 - [line:153] - INFO: K000008  before  life:8.103853764042418
2021-09-16 02:48:13,915 - [line:155] - INFO: K000008  after   life:                                6.585207123143703
2021-09-16 02:48:13,916 - [line:153] - INFO: K000009  before  life:56.87553294419253
2021-09-16 02:48:13,916 - [line:155] - INFO: K000009  after   life:                                52.1444979830535
2021-09-16 02:48:13,921 - [line:153] - INFO: K000008  before  life:7.950207123143705
2021-09-16 02:48:13,921 - [line:155] - INFO: K000008  after   life:                                6.441393867262507
2021-09-16 02:48:13,921 - [line:153] - INFO: K000005  before  life:5.127690535168466
2021-09-16 02:48:13,921 - [line:155] - INFO: K000005  after   life:                                3.198040241142423
2021-09-16 02:48:13,927 - [line:153] - INFO: K000010  before  life:9.8609062452833
2021-09-16 02:48:13,927 - [line:155] - INFO: K000010  after   life:                                7.899467886368177
2021-09-16 02:48:13,927 - [line:153] - INFO: K000005  before  life:4.90364024114242
2021-09-16 02:48:13,928 - [line:155] - INFO: K000005  after   life:                                3.0146102654232996
2021-09-16 02:48:13,933 - [line:153] - INFO: K000008  before  life:7.7638446597577095
2021-09-16 02:48:13,933 - [line:155] - INFO: K000008  after   life:                                6.266958601533216
2021-09-16 02:48:13,933 - [line:153] - INFO: K000009  before  life:49.24271635355723
2021-09-16 02:48:13,933 - [line:155] - INFO: K000009  after   life:                                45.012394160763876
2021-09-16 02:48:13,938 - [line:153] - INFO: K000008  before  life:7.544758601533218
2021-09-16 02:48:13,938 - [line:155] - INFO: K000008  after   life:                                6.061894051035091
2021-09-16 02:48:13,938 - [line:153] - INFO: K000009  before  life:46.82539416076388
2021-09-16 02:48:13,939 - [line:155] - INFO: K000009  after   life:                                42.57102926659079
2021-09-16 02:48:13,945 - [line:153] - INFO: K000010  before  life:10.296624575911855
2021-09-16 02:48:13,945 - [line:155] - INFO: K000010  after   life:                                8.257695156202349
2021-09-16 02:48:13,945 - [line:153] - INFO: K000009  before  life:44.927929266590795
2021-09-16 02:48:13,945 - [line:155] - INFO: K000009  after   life:                                40.80543818256273
2021-09-16 02:48:13,951 - [line:153] - INFO: K000008  before  life:7.509626431768851
2021-09-16 02:48:13,951 - [line:155] - INFO: K000008  after   life:                                6.029010340135644
2021-09-16 02:48:13,951 - [line:153] - INFO: K000009  before  life:43.706238182562736
2021-09-16 02:48:13,951 - [line:155] - INFO: K000009  after   life:                                39.66865462887463
2021-09-16 02:48:13,957 - [line:153] - INFO: K000008  before  life:7.606810340135647
2021-09-16 02:48:13,957 - [line:155] - INFO: K000008  after   life:                                6.119974478366966
2021-09-16 02:48:13,957 - [line:153] - INFO: K000005  before  life:4.017068202752221
2021-09-16 02:48:13,957 - [line:155] - INFO: K000005  after   life:                                2.276320826164712
2021-09-16 02:48:13,963 - [line:153] - INFO: K000008  before  life:7.633474478366969
2021-09-16 02:48:13,963 - [line:155] - INFO: K000008  after   life:                                6.144932111751483
2021-09-16 02:48:13,963 - [line:153] - INFO: K000009  before  life:41.486488932167745
2021-09-16 02:48:13,963 - [line:155] - INFO: K000009  after   life:                                37.37085361336195
2021-09-16 02:48:13,970 - [line:153] - INFO: K000010  before  life:10.193415993487358
2021-09-16 02:48:13,970 - [line:155] - INFO: K000010  after   life:                                8.164900319744484
2021-09-16 02:48:13,970 - [line:153] - INFO: K000005  before  life:3.7519506204154602
2021-09-16 02:48:13,970 - [line:155] - INFO: K000005  after   life:                                2.0537126099561434
2021-09-16 02:48:13,975 - [line:153] - INFO: K000008  before  life:7.877134856599394
2021-09-16 02:48:13,975 - [line:155] - INFO: K000008  after   life:                                6.372998225777033
2021-09-16 02:48:13,975 - [line:153] - INFO: K000005  before  life:3.705912609956142
2021-09-16 02:48:13,975 - [line:155] - INFO: K000005  after   life:                                2.0162422732433045
2021-09-16 02:48:13,980 - [line:153] - INFO: K000008  before  life:7.930998225777036
2021-09-16 02:48:13,980 - [line:155] - INFO: K000008  after   life:                                6.423414339327305
2021-09-16 02:48:13,980 - [line:153] - INFO: K000009  before  life:37.11621767479801
2021-09-16 02:48:13,980 - [line:155] - INFO: K000009  after   life:                                33.32878972742068
2021-09-16 02:48:13,986 - [line:153] - INFO: K000010  before  life:9.619606420530308
2021-09-16 02:48:13,986 - [line:155] - INFO: K000010  after   life:                                7.6489881326988005
2021-09-16 02:48:13,986 - [line:153] - INFO: K000009  before  life:35.968289727420725
2021-09-16 02:48:13,986 - [line:155] - INFO: K000009  after   life:                                32.267071168891434
2021-09-16 02:48:13,991 - [line:153] - INFO: K000010  before  life:9.504988132698802
2021-09-16 02:48:13,992 - [line:155] - INFO: K000010  after   life:                                7.545934830109493
2021-09-16 02:48:13,992 - [line:153] - INFO: K000005  before  life:3.592124438007257
2021-09-16 02:48:13,992 - [line:155] - INFO: K000005  after   life:                                1.9236300800941066
2021-09-16 02:48:13,997 - [line:153] - INFO: K000010  before  life:9.401934830109495
2021-09-16 02:48:13,997 - [line:155] - INFO: K000010  after   life:                                7.4382365100232715
2021-09-16 02:48:13,997 - [line:153] - INFO: K000009  before  life:35.625620254107794
2021-09-16 02:48:13,998 - [line:155] - INFO: K000009  after   life:                                31.950136173024298
2021-09-16 02:48:14,004 - [line:153] - INFO: K000008  before  life:7.488132662247954
2021-09-16 02:48:14,004 - [line:155] - INFO: K000008  after   life:                                6.008892171864084
2021-09-16 02:48:14,004 - [line:153] - INFO: K000005  before  life:3.4777981421885915
2021-09-16 02:48:14,004 - [line:155] - INFO: K000005  after   life:                                1.8305799079272949
2021-09-16 02:48:14,010 - [line:153] - INFO: K000010  before  life:9.141505767745889
2021-09-16 02:48:14,011 - [line:155] - INFO: K000010  after   life:                                7.204501426551936
2021-09-16 02:48:14,011 - [line:153] - INFO: K000005  before  life:3.312479907927294
2021-09-16 02:48:14,011 - [line:155] - INFO: K000005  after   life:                                1.696027397062025
2021-09-16 02:48:14,017 - [line:153] - INFO: K000010  before  life:9.060501426551937
2021-09-16 02:48:14,018 - [line:155] - INFO: K000010  after   life:                                7.131800030330364
2021-09-16 02:48:14,018 - [line:153] - INFO: K000009  before  life:37.135889782832464
2021-09-16 02:48:14,018 - [line:155] - INFO: K000009  after   life:                                33.34698446014175
2021-09-16 02:48:14,024 - [line:153] - INFO: K000008  before  life:7.4304591130014375
2021-09-16 02:48:14,024 - [line:155] - INFO: K000008  after   life:                                5.954909729769345
2021-09-16 02:48:14,024 - [line:153] - INFO: K000005  before  life:3.0437506084687804
2021-09-16 02:48:14,024 - [line:155] - INFO: K000005  after   life:                                1.4773086202327406
2021-09-16 02:48:14,030 - [line:153] - INFO: K000008  before  life:7.492409729769346
2021-09-16 02:48:14,030 - [line:155] - INFO: K000008  after   life:                                6.0128955070641075
2021-09-16 02:48:14,030 - [line:153] - INFO: K000009  before  life:37.82205335718524
2021-09-16 02:48:14,031 - [line:155] - INFO: K000009  after   life:                                33.98161715006063
2021-09-16 02:48:14,036 - [line:153] - INFO: K000008  before  life:7.652895507064108
2021-09-16 02:48:14,036 - [line:155] - INFO: K000008  after   life:                                6.163110194612004
2021-09-16 02:48:14,036 - [line:153] - INFO: K000009  before  life:37.76251715006069
2021-09-16 02:48:14,036 - [line:155] - INFO: K000009  after   life:                                33.69997700919077
2021-09-16 02:48:14,042 - [line:153] - INFO: K000010  before  life:8.574141801492717
2021-09-16 02:48:14,042 - [line:155] - INFO: K000010  after   life:                                6.695292266839713
2021-09-16 02:48:14,042 - [line:153] - INFO: K000005  before  life:3.0041707728814457
2021-09-16 02:48:14,042 - [line:155] - INFO: K000005  after   life:                                1.4450945920482088
2021-09-16 02:48:14,048 - [line:153] - INFO: K000010  before  life:8.359292266839715
2021-09-16 02:48:14,048 - [line:155] - INFO: K000010  after   life:                                6.502464809488644
2021-09-16 02:48:14,048 - [line:153] - INFO: K000005  before  life:2.9684945920482106
2021-09-16 02:48:14,048 - [line:155] - INFO: K000005  after   life:                                1.416057748468039
2021-09-16 02:48:14,054 - [line:153] - INFO: K000010  before  life:8.196464809488644
2021-09-16 02:48:14,054 - [line:155] - INFO: K000010  after   life:                                6.356327166516057
2021-09-16 02:48:14,054 - [line:153] - INFO: K000009  before  life:34.817916800265785
2021-09-16 02:48:14,054 - [line:155] - INFO: K000009  after   life:                                30.994183747764232
2021-09-16 02:48:14,060 - [line:153] - INFO: K000008  before  life:8.045820811839036
2021-09-16 02:48:14,060 - [line:155] - INFO: K000008  after   life:                                6.4641079671430735
2021-09-16 02:48:14,060 - [line:153] - INFO: K000005  before  life:2.88294425147814
2021-09-16 02:48:14,060 - [line:155] - INFO: K000005  after   life:                                1.3464283262780583
2021-09-16 02:48:14,066 - [line:153] - INFO: K000008  before  life:8.104107967143072
2021-09-16 02:48:14,067 - [line:155] - INFO: K000008  after   life:                                6.518180961118627
2021-09-16 02:48:14,067 - [line:153] - INFO: K000005  before  life:2.96842832627806
2021-09-16 02:48:14,067 - [line:155] - INFO: K000005  after   life:                                1.4160038147577132
2021-09-16 02:48:14,073 - [line:153] - INFO: K000010  before  life:7.774190079048487
2021-09-16 02:48:14,073 - [line:155] - INFO: K000010  after   life:                                5.954013025708871
2021-09-16 02:48:14,073 - [line:153] - INFO: K000009  before  life:30.86984414825852
2021-09-16 02:48:14,073 - [line:155] - INFO: K000009  after   life:                                27.366299787834755
2021-09-16 02:48:14,079 - [line:153] - INFO: K000008  before  life:8.337344477629749
2021-09-16 02:48:14,079 - [line:155] - INFO: K000008  after   life:                                6.734554471897118
2021-09-16 02:48:14,079 - [line:153] - INFO: K000005  before  life:3.242938594831307
2021-09-16 02:48:14,079 - [line:155] - INFO: K000005  after   life:                                1.6394277223332008
2021-09-16 02:48:14,085 - [line:153] - INFO: K000008  before  life:8.323254471897117
2021-09-16 02:48:14,085 - [line:155] - INFO: K000008  after   life:                                6.708998291871111
2021-09-16 02:48:14,085 - [line:153] - INFO: K000005  before  life:3.3356277223332036
2021-09-16 02:48:14,085 - [line:155] - INFO: K000005  after   life:                                1.7148674032069948
2021-09-16 02:48:14,092 - [line:153] - INFO: K000008  before  life:8.291498291871111
2021-09-16 02:48:14,093 - [line:155] - INFO: K000008  after   life:                                6.679585717931023
2021-09-16 02:48:14,093 - [line:153] - INFO: K000009  before  life:29.87229518215249
2021-09-16 02:48:14,093 - [line:155] - INFO: K000009  after   life:                                26.449652042879926
2021-09-16 02:48:14,098 - [line:153] - INFO: K000010  before  life:7.506794660634248
2021-09-16 02:48:14,098 - [line:155] - INFO: K000010  after   life:                                5.714827823937335
2021-09-16 02:48:14,098 - [line:153] - INFO: K000009  before  life:28.99965204287994
2021-09-16 02:48:14,098 - [line:155] - INFO: K000009  after   life:                                25.647780262202378
2021-09-16 02:48:14,104 - [line:153] - INFO: K000010  before  life:7.276527823937341
2021-09-16 02:48:14,104 - [line:155] - INFO: K000010  after   life:                                5.447731304790878
2021-09-16 02:48:14,104 - [line:153] - INFO: K000005  before  life:3.6692532547497816
2021-09-16 02:48:14,104 - [line:155] - INFO: K000005  after   life:                                1.9779659415549227
2021-09-16 02:48:14,110 - [line:153] - INFO: K000010  before  life:6.923731304790884
2021-09-16 02:48:14,110 - [line:155] - INFO: K000010  after   life:                                5.135118309175202
2021-09-16 02:48:14,110 - [line:153] - INFO: K000009  before  life:28.07071026293781
2021-09-16 02:48:14,110 - [line:155] - INFO: K000009  after   life:                                24.794175660613554
2021-09-16 02:48:14,115 - [line:153] - INFO: K000010  before  life:6.587718309175208
2021-09-16 02:48:14,116 - [line:155] - INFO: K000010  after   life:                                4.837377193760152
2021-09-16 02:48:14,116 - [line:153] - INFO: K000005  before  life:3.6778298381659815
2021-09-16 02:48:14,116 - [line:155] - INFO: K000005  after   life:                                1.9849266966555104
2021-09-16 02:48:14,121 - [line:153] - INFO: K000010  before  life:6.239577193760158
2021-09-16 02:48:14,121 - [line:155] - INFO: K000010  after   life:                                4.528889351390876
2021-09-16 02:48:14,121 - [line:153] - INFO: K000009  before  life:27.320000224537836
2021-09-16 02:48:14,121 - [line:155] - INFO: K000009  after   life:                                24.104348206327817
2021-09-16 02:48:14,127 - [line:153] - INFO: K000008  before  life:7.15292173274316
2021-09-16 02:48:14,127 - [line:155] - INFO: K000008  after   life:                                5.6250361088667145
2021-09-16 02:48:14,127 - [line:153] - INFO: K000005  before  life:3.515115218726722
2021-09-16 02:48:14,127 - [line:155] - INFO: K000005  after   life:                                1.820176939984449
2021-09-16 02:48:14,133 - [line:153] - INFO: K000010  before  life:5.8707324542674675
2021-09-16 02:48:14,133 - [line:155] - INFO: K000010  after   life:                                4.202056027726403
2021-09-16 02:48:14,133 - [line:153] - INFO: K000005  before  life:3.442176939984452
2021-09-16 02:48:14,133 - [line:155] - INFO: K000005  after   life:                                1.734809578817647
2021-09-16 02:48:14,139 - [line:153] - INFO: K000008  before  life:6.496744724032354
2021-09-16 02:48:14,139 - [line:155] - INFO: K000008  after   life:                                5.017284963398766
2021-09-16 02:48:14,139 - [line:153] - INFO: K000005  before  life:3.3568095788176495
2021-09-16 02:48:14,139 - [line:155] - INFO: K000005  after   life:                                1.6669852103706226
2021-09-16 02:48:14,145 - [line:153] - INFO: K000008  before  life:6.156284963398767
2021-09-16 02:48:14,145 - [line:155] - INFO: K000008  after   life:                                4.701951133099938
2021-09-16 02:48:14,145 - [line:153] - INFO: K000005  before  life:3.288985210370625
2021-09-16 02:48:14,145 - [line:155] - INFO: K000005  after   life:                                1.593364838377238
2021-09-16 02:48:14,150 - [line:153] - INFO: K000008  before  life:5.95485113309994
2021-09-16 02:48:14,150 - [line:155] - INFO: K000008  after   life:                                4.515383119477164
2021-09-16 02:48:14,150 - [line:153] - INFO: K000005  before  life:3.18876483837724
2021-09-16 02:48:14,150 - [line:155] - INFO: K000005  after   life:                                1.5143410750604538
2021-09-16 02:48:14,157 - [line:153] - INFO: K000008  before  life:5.768283119477165
2021-09-16 02:48:14,157 - [line:155] - INFO: K000008  after   life:                                4.312011924726522
2021-09-16 02:48:14,157 - [line:153] - INFO: K000005  before  life:3.0552410750604557
2021-09-16 02:48:14,157 - [line:155] - INFO: K000005  after   life:                                1.4020305332125305
2021-09-16 02:48:14,163 - [line:153] - INFO: K000010  before  life:5.147170064038521
2021-09-16 02:48:14,163 - [line:155] - INFO: K000010  after   life:                                3.5609073937445332
2021-09-16 02:48:14,163 - [line:153] - INFO: K000009  before  life:18.905015838281034
2021-09-16 02:48:14,163 - [line:155] - INFO: K000009  after   life:                                16.371819053796443
2021-09-16 02:48:14,169 - [line:153] - INFO: K000010  before  life:4.905607393744537
2021-09-16 02:48:14,169 - [line:155] - INFO: K000010  after   life:                                3.3468587115970347
2021-09-16 02:48:14,169 - [line:153] - INFO: K000009  before  life:17.44081905379644
2021-09-16 02:48:14,169 - [line:155] - INFO: K000009  after   life:                                15.026368628533547
2021-09-16 02:48:14,175 - [line:153] - INFO: K000008  before  life:5.193284269474538
2021-09-16 02:48:14,175 - [line:155] - INFO: K000008  after   life:                                3.7601643614003617
2021-09-16 02:48:14,175 - [line:153] - INFO: K000005  before  life:2.9548012434574358
2021-09-16 02:48:14,175 - [line:155] - INFO: K000005  after   life:                                1.3127229332541348
2021-09-16 02:48:14,180 - [line:122] - INFO: add warPair: K000008 K000005
2021-09-16 02:48:14,181 - [line:153] - INFO: K000008  before  life:5.126964361400363
2021-09-16 02:48:14,181 - [line:155] - INFO: K000008  after   life:                                3.6993755336595724
2021-09-16 02:48:14,181 - [line:153] - INFO: K000009  before  life:15.019770892759478
2021-09-16 02:48:14,181 - [line:155] - INFO: K000009  after   life:                                12.801667473356686
2021-09-16 02:48:14,181 - [line:153] - INFO: K000005  before  life:1.2335306698580122
2021-09-16 02:48:14,181 - [line:155] - INFO: K000005  after   life:                                0.09303152656118452
2021-09-16 02:48:14,187 - [line:153] - INFO: K000008  before  life:3.7954561778797826
2021-09-16 02:48:14,187 - [line:155] - INFO: K000008  after   life:                                2.478915132644609
2021-09-16 02:48:14,187 - [line:153] - INFO: K000009  before  life:14.540067473356684
2021-09-16 02:48:14,187 - [line:155] - INFO: K000009  after   life:                                12.360868001267457
2021-09-16 02:48:14,187 - [line:153] - INFO: K000005  before  life:0.20639275820663294
2021-09-16 02:48:14,187 - [line:155] - INFO: K000005  after   life:                                -0.8171153769531025
2021-09-16 02:48:14,187 - [line:60] - INFO: K000008 absorb method
2021-09-16 02:48:14,187 - [line:165] - INFO: K000008K000005 War end in round 204 ,K000008 absorb K000005
2021-09-16 02:48:14,188 - [line:180] - INFO: delete id :K000008K000005
2021-09-16 02:48:14,193 - [line:153] - INFO: K000008  before  life:13.570798048641278
2021-09-16 02:48:14,193 - [line:155] - INFO: K000008  after   life:                                11.438993491384595
2021-09-16 02:48:14,193 - [line:153] - INFO: K000009  before  life:13.945168001267461
2021-09-16 02:48:14,194 - [line:155] - INFO: K000009  after   life:                                11.814214876364671
2021-09-16 02:48:14,199 - [line:153] - INFO: K000008  before  life:21.979093491384607
2021-09-16 02:48:14,199 - [line:155] - INFO: K000008  after   life:                                19.14603709420313
2021-09-16 02:48:14,199 - [line:153] - INFO: K000009  before  life:13.795114876364677
2021-09-16 02:48:14,200 - [line:155] - INFO: K000009  after   life:                                11.676331059891503
2021-09-16 02:48:14,200 - [line:60] - INFO: K000009 absorb method
2021-09-16 02:48:14,200 - [line:175] - INFO: K000009K000005 War end in round 206 ,K000009 absorb K000005
2021-09-16 02:48:14,200 - [line:180] - INFO: delete id :K000009K000005
2021-09-16 02:48:14,204 - [line:122] - INFO: add warPair: K000008 K000009
2021-09-16 02:48:14,206 - [line:153] - INFO: K000008  before  life:29.481037094203145
2021-09-16 02:48:14,206 - [line:155] - INFO: K000008  after   life:                                26.0223186005466
2021-09-16 02:48:14,206 - [line:153] - INFO: K000009  before  life:124.44963105989609
2021-09-16 02:48:14,206 - [line:155] - INFO: K000009  after   life:                                99.18195300321635
2021-09-16 02:48:14,213 - [line:153] - INFO: K000008  before  life:22.37404713714077
2021-09-16 02:48:14,213 - [line:155] - INFO: K000008  after   life:                                19.50805160590323
2021-09-16 02:48:14,213 - [line:153] - INFO: K000009  before  life:106.10585300321628
2021-09-16 02:48:14,213 - [line:155] - INFO: K000009  after   life:                                84.4152116675891
2021-09-16 02:48:14,219 - [line:153] - INFO: K000008  before  life:17.4447087486722
2021-09-16 02:48:14,219 - [line:155] - INFO: K000008  after   life:                                14.989820039032937
2021-09-16 02:48:14,220 - [line:153] - INFO: K000008  before  life:14.989820039032937
2021-09-16 02:48:14,220 - [line:155] - INFO: K000008  after   life:                                9.441908639190343
2021-09-16 02:48:14,226 - [line:153] - INFO: K000008  before  life:13.289408639190341
2021-09-16 02:48:14,226 - [line:155] - INFO: K000008  after   life:                                11.181071958681867
2021-09-16 02:48:14,226 - [line:153] - INFO: K000008  before  life:11.181071958681867
2021-09-16 02:48:14,226 - [line:155] - INFO: K000008  after   life:                                6.788734726417789
2021-09-16 02:48:14,232 - [line:153] - INFO: K000008  before  life:11.081134726417783
2021-09-16 02:48:14,233 - [line:155] - INFO: K000008  after   life:                                9.15696809023454
2021-09-16 02:48:14,233 - [line:153] - INFO: K000008  before  life:9.15696809023454
2021-09-16 02:48:14,233 - [line:155] - INFO: K000008  after   life:                                5.378743971657381
2021-09-16 02:48:14,240 - [line:153] - INFO: K000010  before  life:2.7736204484918163
2021-09-16 02:48:14,240 - [line:155] - INFO: K000010  after   life:                                1.206692428820089
2021-09-16 02:48:14,240 - [line:153] - INFO: K000008  before  life:7.954397364421151
2021-09-16 02:48:14,240 - [line:155] - INFO: K000008  after   life:                                4.541033204055774
2021-09-16 02:48:14,247 - [line:153] - INFO: K000010  before  life:2.6244924288200893
2021-09-16 02:48:14,247 - [line:155] - INFO: K000010  after   life:                                1.0806975975685664
2021-09-16 02:48:14,247 - [line:153] - INFO: K000008  before  life:6.77912297483752
2021-09-16 02:48:14,247 - [line:155] - INFO: K000008  after   life:                                3.6721715542580196
2021-09-16 02:48:14,254 - [line:153] - INFO: K000010  before  life:2.5300975975685667
2021-09-16 02:48:14,254 - [line:155] - INFO: K000010  after   life:                                1.0058613753523593
2021-09-16 02:48:14,254 - [line:153] - INFO: K000008  before  life:5.771448086632905
2021-09-16 02:48:14,254 - [line:155] - INFO: K000008  after   life:                                2.9776820213073982
2021-09-16 02:48:14,261 - [line:153] - INFO: K000008  before  life:6.3840820213074005
2021-09-16 02:48:14,261 - [line:155] - INFO: K000008  after   life:                                4.8516495807303635
2021-09-16 02:48:14,261 - [line:153] - INFO: K000008  before  life:4.8516495807303635
2021-09-16 02:48:14,261 - [line:155] - INFO: K000008  after   life:                                2.333568426919833
2021-09-16 02:48:14,267 - [line:153] - INFO: K000008  before  life:6.1185684269198335
2021-09-16 02:48:14,268 - [line:155] - INFO: K000008  after   life:                                4.608279820114719
2021-09-16 02:48:14,268 - [line:153] - INFO: K000008  before  life:4.608279820114719
2021-09-16 02:48:14,268 - [line:155] - INFO: K000008  after   life:                                2.1663490644008236
2021-09-16 02:48:14,274 - [line:153] - INFO: K000008  before  life:6.232749064400825
2021-09-16 02:48:14,274 - [line:155] - INFO: K000008  after   life:                                4.712937792429797
2021-09-16 02:48:14,275 - [line:153] - INFO: K000008  before  life:4.712937792429797
2021-09-16 02:48:14,275 - [line:155] - INFO: K000008  after   life:                                2.2382595571785133
2021-09-16 02:48:14,281 - [line:153] - INFO: K000008  before  life:6.116659557178514
2021-09-16 02:48:14,281 - [line:155] - INFO: K000008  after   life:                                4.606530150109826
2021-09-16 02:48:14,281 - [line:153] - INFO: K000009  before  life:25.317968742051367
2021-09-16 02:48:14,282 - [line:155] - INFO: K000009  after   life:                                19.07208561869832
2021-09-16 02:48:14,288 - [line:153] - INFO: K000008  before  life:5.878624010615078
2021-09-16 02:48:14,288 - [line:155] - INFO: K000008  after   life:                                4.3883467681297805
2021-09-16 02:48:14,288 - [line:153] - INFO: K000008  before  life:4.3883467681297805
2021-09-16 02:48:14,289 - [line:155] - INFO: K000008  after   life:                                1.9998738506935179
2021-09-16 02:48:14,295 - [line:153] - INFO: K000008  before  life:6.037373850693521
2021-09-16 02:48:14,295 - [line:155] - INFO: K000008  after   life:                                4.533856871545681
2021-09-16 02:48:14,295 - [line:153] - INFO: K000009  before  life:20.665117424724954
2021-09-16 02:48:14,296 - [line:155] - INFO: K000009  after   life:                                15.2737799719709
2021-09-16 02:48:14,303 - [line:153] - INFO: K000008  before  life:6.524666931041956
2021-09-16 02:48:14,303 - [line:155] - INFO: K000008  after   life:                                4.980509708993057
2021-09-16 02:48:14,303 - [line:153] - INFO: K000009  before  life:19.7501799719709
2021-09-16 02:48:14,303 - [line:155] - INFO: K000009  after   life:                                14.553266727927085
2021-09-16 02:48:14,309 - [line:153] - INFO: K000010  before  life:2.4035512769573124
2021-09-16 02:48:14,309 - [line:155] - INFO: K000010  after   life:                                0.8927966306038835
2021-09-16 02:48:14,309 - [line:153] - INFO: K000009  before  life:19.097666727927088
2021-09-16 02:48:14,309 - [line:155] - INFO: K000009  after   life:                                14.03941254824258
2021-09-16 02:48:14,316 - [line:153] - INFO: K000010  before  life:2.4773966306038835
2021-09-16 02:48:14,316 - [line:155] - INFO: K000010  after   life:                                0.9281577975990025
2021-09-16 02:48:14,316 - [line:153] - INFO: K000009  before  life:18.127212548242582
2021-09-16 02:48:14,316 - [line:155] - INFO: K000009  after   life:                                13.108409526297201
2021-09-16 02:48:14,324 - [line:153] - INFO: K000008  before  life:7.083569130217022
2021-09-16 02:48:14,324 - [line:155] - INFO: K000008  after   life:                                5.492799464756922
2021-09-16 02:48:14,324 - [line:153] - INFO: K000009  before  life:16.766009526297204
2021-09-16 02:48:14,324 - [line:155] - INFO: K000009  after   life:                                12.048985214317113
2021-09-16 02:48:14,331 - [line:153] - INFO: K000008  before  life:5.938736758496828
2021-09-16 02:48:14,331 - [line:155] - INFO: K000008  after   life:                                4.443446112838192
2021-09-16 02:48:14,331 - [line:153] - INFO: K000009  before  life:15.669785214317116
2021-09-16 02:48:14,331 - [line:155] - INFO: K000009  after   life:                                11.19579383230301
2021-09-16 02:48:14,337 - [line:153] - INFO: K000008  before  life:4.674603504610917
2021-09-16 02:48:14,337 - [line:155] - INFO: K000008  after   life:                                3.284741572326366
2021-09-16 02:48:14,338 - [line:153] - INFO: K000008  before  life:3.284741572326366
2021-09-16 02:48:14,338 - [line:155] - INFO: K000008  after   life:                                1.2185144579492277
2021-09-16 02:48:14,344 - [line:153] - INFO: K000010  before  life:2.5147835736862025
2021-09-16 02:48:14,344 - [line:155] - INFO: K000010  after   life:                                0.9572560553999714
2021-09-16 02:48:14,344 - [line:153] - INFO: K000009  before  life:15.571992159681441
2021-09-16 02:48:14,344 - [line:155] - INFO: K000009  after   life:                                11.119681497880066
2021-09-16 02:48:14,351 - [line:153] - INFO: K000008  before  life:5.109280220753406
2021-09-16 02:48:14,351 - [line:155] - INFO: K000008  after   life:                                3.6831662503425715
2021-09-16 02:48:14,351 - [line:153] - INFO: K000009  before  life:16.41648149788007
2021-09-16 02:48:14,351 - [line:155] - INFO: K000009  after   life:                                11.77694754980006
2021-09-16 02:48:14,357 - [line:153] - INFO: K000008  before  life:5.90389168847891
2021-09-16 02:48:14,358 - [line:155] - INFO: K000008  after   life:                                4.411507121659769
2021-09-16 02:48:14,358 - [line:153] - INFO: K000009  before  life:17.322947549800055
2021-09-16 02:48:14,358 - [line:155] - INFO: K000009  after   life:                                12.482450078009382
2021-09-16 02:48:14,365 - [line:153] - INFO: K000008  before  life:6.546369058693062
2021-09-16 02:48:14,365 - [line:155] - INFO: K000008  after   life:                                5.000401879198061
2021-09-16 02:48:14,365 - [line:153] - INFO: K000008  before  life:5.000401879198061
2021-09-16 02:48:14,366 - [line:155] - INFO: K000008  after   life:                                2.3412685356801446
2021-09-16 02:48:14,372 - [line:153] - INFO: K000008  before  life:6.699968535680148
2021-09-16 02:48:14,373 - [line:155] - INFO: K000008  after   life:                                5.118411266783111
2021-09-16 02:48:14,373 - [line:153] - INFO: K000008  before  life:5.118411266783111
2021-09-16 02:48:14,373 - [line:155] - INFO: K000008  after   life:                                2.420122408464475
2021-09-16 02:48:14,380 - [line:153] - INFO: K000008  before  life:6.806922408464479
2021-09-16 02:48:14,380 - [line:155] - INFO: K000008  after   life:                                5.2160815434097625
2021-09-16 02:48:14,380 - [line:153] - INFO: K000009  before  life:16.03244115254076
2021-09-16 02:48:14,380 - [line:155] - INFO: K000009  after   life:                                11.478048949022472
2021-09-16 02:48:14,387 - [line:153] - INFO: K000010  before  life:2.8611094540618334
2021-09-16 02:48:14,387 - [line:155] - INFO: K000010  after   life:                                1.2268014880963247
2021-09-16 02:48:14,387 - [line:153] - INFO: K000008  before  life:5.260520849648211
2021-09-16 02:48:14,387 - [line:155] - INFO: K000008  after   life:                                2.515080031734935
2021-09-16 02:48:14,394 - [line:153] - INFO: K000008  before  life:6.501880031734939
2021-09-16 02:48:14,394 - [line:155] - INFO: K000008  after   life:                                4.937516844980347
2021-09-16 02:48:14,394 - [line:153] - INFO: K000008  before  life:4.937516844980347
2021-09-16 02:48:14,394 - [line:155] - INFO: K000008  after   life:                                2.2992487558158676
2021-09-16 02:48:14,401 - [line:153] - INFO: K000008  before  life:5.692048755815871
2021-09-16 02:48:14,401 - [line:155] - INFO: K000008  after   life:                                4.197978923811053
2021-09-16 02:48:14,401 - [line:153] - INFO: K000008  before  life:4.197978923811053
2021-09-16 02:48:14,401 - [line:155] - INFO: K000008  after   life:                                1.7605909402981488
2021-09-16 02:48:14,408 - [line:153] - INFO: K000010  before  life:2.351338754976676
2021-09-16 02:48:14,408 - [line:155] - INFO: K000010  after   life:                                0.830046952998347
2021-09-16 02:48:14,408 - [line:153] - INFO: K000009  before  life:12.027244404656454
2021-09-16 02:48:14,408 - [line:155] - INFO: K000009  after   life:                                8.360804320144117
2021-09-16 02:48:14,415 - [line:153] - INFO: K000008  before  life:2.6270678319628606
2021-09-16 02:48:14,415 - [line:155] - INFO: K000008  after   life:                                1.3990383441484844
2021-09-16 02:48:14,415 - [line:153] - INFO: K000008  before  life:1.3990383441484844
2021-09-16 02:48:14,415 - [line:155] - INFO: K000008  after   life:                                -0.0888063264560921
2021-09-16 02:48:14,415 - [line:60] - INFO: K000009 absorb method
2021-09-16 02:48:14,416 - [line:165] - INFO: K000008K000009 War end in round 237 ,K000009 absorb K000008
2021-09-16 02:48:14,416 - [line:180] - INFO: delete id :K000008K000009
2021-09-16 02:48:14,423 - [line:153] - INFO: K000008  before  life:19.14603709420313
2021-09-16 02:48:14,423 - [line:155] - INFO: K000008  after   life:                                16.4841610744263
2021-09-16 02:48:14,430 - [line:153] - INFO: K000008  before  life:16.4841610744263
2021-09-16 02:48:14,430 - [line:155] - INFO: K000008  after   life:                                13.934649933430228
2021-09-16 02:48:14,436 - [line:153] - INFO: K000008  before  life:13.934649933430228
2021-09-16 02:48:14,437 - [line:155] - INFO: K000008  after   life:                                11.624792839687787
2021-09-16 02:48:14,442 - [line:122] - INFO: add warPair: K000009 K000010
2021-09-16 02:48:14,443 - [line:153] - INFO: K000008  before  life:11.624792839687787
2021-09-16 02:48:14,443 - [line:155] - INFO: K000008  after   life:                                9.532062312757136
2021-09-16 02:48:14,443 - [line:153] - INFO: K000009  before  life:72.57641435657136
2021-09-16 02:48:14,444 - [line:155] - INFO: K000009  after   life:                                64.75423140705365
2021-09-16 02:48:14,444 - [line:60] - INFO: K000009 absorb method
2021-09-16 02:48:14,444 - [line:175] - INFO: K000009K000010 War end in round 241 ,K000009 absorb K000010
2021-09-16 02:48:14,444 - [line:180] - INFO: delete id :K000009K000010
2021-09-16 02:48:14,451 - [line:153] - INFO: K000010  before  life:0.2243042308211216
2021-09-16 02:48:14,451 - [line:155] - INFO: K000010  after   life:                                -0.825424017151921
2021-09-16 02:48:14,451 - [line:60] - INFO: K000008 absorb method
2021-09-16 02:48:14,451 - [line:165] - INFO: K000010K000008 War end in round 242 ,K000008 absorb K000010
2021-09-16 02:48:14,451 - [line:180] - INFO: delete id :K000010K000008
2021-09-16 02:48:14,457 - [line:122] - INFO: add warPair: K000009 K000008
2021-09-16 02:48:14,458 - [line:153] - INFO: K000008  before  life:32.86794845535794
2021-09-16 02:48:14,458 - [line:155] - INFO: K000008  after   life:                                10.030483501618125
2021-09-16 02:48:14,465 - [line:153] - INFO: K000009  before  life:77.01698235699773
2021-09-16 02:48:14,465 - [line:155] - INFO: K000009  after   life:                                51.70272102689355
2021-09-16 02:48:14,473 - [line:153] - INFO: K000008  before  life:2.3491784411902916
2021-09-16 02:48:14,474 - [line:155] - INFO: K000008  after   life:                                -0.21725374339539472
2021-09-16 02:48:14,474 - [line:60] - INFO: K000009 absorb method
2021-09-16 02:48:14,474 - [line:165] - INFO: K000009K000008 War end in round 245 ,K000009 absorb K000008
2021-09-16 02:48:14,474 - [line:180] - INFO: delete id :K000009K000008
2021-09-16 02:48:14,939 - [line:122] - INFO: add warPair: K000009 K000002
2021-09-16 02:48:14,941 - [line:153] - INFO: K000002  before  life:335.90159999999673
2021-09-16 02:48:14,941 - [line:155] - INFO: K000002  after   life:                                -54.84502647999951
2021-09-16 02:48:14,941 - [line:60] - INFO: K000009 absorb method
2021-09-16 02:48:14,941 - [line:165] - INFO: K000009K000002 War end in round 295 ,K000009 absorb K000002
2021-09-16 02:48:14,941 - [line:180] - INFO: delete id :K000009K000002
2021-09-16 02:48:15,340 - [line:122] - INFO: add warPair: K000009 K000007
2021-09-16 02:48:15,341 - [line:153] - INFO: K000007  before  life:377.0622999999856
2021-09-16 02:48:15,341 - [line:155] - INFO: K000007  after   life:                                -223.46675699999153
2021-09-16 02:48:15,341 - [line:60] - INFO: K000009 absorb method
2021-09-16 02:48:15,342 - [line:165] - INFO: K000009K000007 War end in round 339 ,K000009 absorb K000007
2021-09-16 02:48:15,342 - [line:180] - INFO: delete id :K000009K000007
2021-09-16 02:48:15,437 - [line:122] - INFO: add warPair: K000009 K000004
2021-09-16 02:48:15,437 - [line:153] - INFO: K000009  before  life:1695.9219502737005
2021-09-16 02:48:15,438 - [line:155] - INFO: K000009  after   life:                                1323.6846353587875
2021-09-16 02:48:15,438 - [line:60] - INFO: K000009 absorb method
2021-09-16 02:48:15,438 - [line:175] - INFO: K000009K000004 War end in round 349 ,K000009 absorb K000004
2021-09-16 02:48:15,438 - [line:180] - INFO: delete id :K000009K000004
2021-09-16 02:48:16,707 - [line:122] - INFO: add warPair: K000009 K000003
2021-09-16 02:48:16,709 - [line:153] - INFO: K000009  before  life:3475.7513353587838
2021-09-16 02:48:16,709 - [line:155] - INFO: K000009  after   life:                                1586.7232099918924
2021-09-16 02:48:16,709 - [line:60] - INFO: K000009 absorb method
2021-09-16 02:48:16,709 - [line:175] - INFO: K000009K000003 War end in round 461 ,K000009 absorb K000003
2021-09-16 02:48:16,709 - [line:180] - INFO: delete id :K000009K000003
